<?xml version="1.0" encoding="UTF-8"?>
<!-- Generated by org.testng.reporters.JUnitXMLReporter -->
<testsuite ignored="0" hostname="ATMECSINLT-085" failures="0" tests="4" name="Test" time="0.067" errors="0" timestamp="20 Aug 2019 14:37:21 GMT">
  <testcase classname="TestNG.Cal.Calculator1" name="Menu1" time="0.016"/>
  <testcase classname="TestNG.Cal.Calculator1" name="Menu3" time="0.004"/>
  <testcase classname="TestNG.Cal.Calculator1" name="Menu" time="0.0"/>
  <testcase classname="TestNG.Cal.Calculator1" name="Menu2" time="0.004"/>
</testsuite> <!-- Test -->
